<!DOCTYPE html>
<html>
  <head>
    <meta charset="utf-8"/>
    <title>Test Report</title>
    <link href="assets/style.css" rel="stylesheet" type="text/css"/></head>
  <body onLoad="init()">
    <script>/* This Source Code Form is subject to the terms of the Mozilla Public
 * License, v. 2.0. If a copy of the MPL was not distributed with this file,
 * You can obtain one at http://mozilla.org/MPL/2.0/. */


function toArray(iter) {
    if (iter === null) {
        return null;
    }
    return Array.prototype.slice.call(iter);
}

function find(selector, elem) { // eslint-disable-line no-redeclare
    if (!elem) {
        elem = document;
    }
    return elem.querySelector(selector);
}

function findAll(selector, elem) {
    if (!elem) {
        elem = document;
    }
    return toArray(elem.querySelectorAll(selector));
}

function sortColumn(elem) {
    toggleSortStates(elem);
    const colIndex = toArray(elem.parentNode.childNodes).indexOf(elem);
    let key;
    if (elem.classList.contains('result')) {
        key = keyResult;
    } else if (elem.classList.contains('links')) {
        key = keyLink;
    } else {
        key = keyAlpha;
    }
    sortTable(elem, key(colIndex));
}

function showAllExtras() { // eslint-disable-line no-unused-vars
    findAll('.col-result').forEach(showExtras);
}

function hideAllExtras() { // eslint-disable-line no-unused-vars
    findAll('.col-result').forEach(hideExtras);
}

function showExtras(colresultElem) {
    const extras = colresultElem.parentNode.nextElementSibling;
    const expandcollapse = colresultElem.firstElementChild;
    extras.classList.remove('collapsed');
    expandcollapse.classList.remove('expander');
    expandcollapse.classList.add('collapser');
}

function hideExtras(colresultElem) {
    const extras = colresultElem.parentNode.nextElementSibling;
    const expandcollapse = colresultElem.firstElementChild;
    extras.classList.add('collapsed');
    expandcollapse.classList.remove('collapser');
    expandcollapse.classList.add('expander');
}

function showFilters() {
    const filterItems = document.getElementsByClassName('filter');
    for (let i = 0; i < filterItems.length; i++)
        filterItems[i].hidden = false;
}

function addCollapse() {
    // Add links for show/hide all
    const resulttable = find('table#results-table');
    const showhideall = document.createElement('p');
    showhideall.innerHTML = '<a href="javascript:showAllExtras()">Show all details</a> / ' +
                            '<a href="javascript:hideAllExtras()">Hide all details</a>';
    resulttable.parentElement.insertBefore(showhideall, resulttable);

    // Add show/hide link to each result
    findAll('.col-result').forEach(function(elem) {
        const collapsed = getQueryParameter('collapsed') || 'Passed';
        const extras = elem.parentNode.nextElementSibling;
        const expandcollapse = document.createElement('span');
        if (extras.classList.contains('collapsed')) {
            expandcollapse.classList.add('expander');
        } else if (collapsed.includes(elem.innerHTML)) {
            extras.classList.add('collapsed');
            expandcollapse.classList.add('expander');
        } else {
            expandcollapse.classList.add('collapser');
        }
        elem.appendChild(expandcollapse);

        elem.addEventListener('click', function(event) {
            if (event.currentTarget.parentNode.nextElementSibling.classList.contains('collapsed')) {
                showExtras(event.currentTarget);
            } else {
                hideExtras(event.currentTarget);
            }
        });
    });
}

function getQueryParameter(name) {
    const match = RegExp('[?&]' + name + '=([^&]*)').exec(window.location.search);
    return match && decodeURIComponent(match[1].replace(/\+/g, ' '));
}

function init () { // eslint-disable-line no-unused-vars
    resetSortHeaders();

    addCollapse();

    showFilters();

    sortColumn(find('.initial-sort'));

    findAll('.sortable').forEach(function(elem) {
        elem.addEventListener('click',
            function() {
                sortColumn(elem);
            }, false);
    });
}

function sortTable(clicked, keyFunc) {
    const rows = findAll('.results-table-row');
    const reversed = !clicked.classList.contains('asc');
    const sortedRows = sort(rows, keyFunc, reversed);
    /* Whole table is removed here because browsers acts much slower
     * when appending existing elements.
     */
    const thead = document.getElementById('results-table-head');
    document.getElementById('results-table').remove();
    const parent = document.createElement('table');
    parent.id = 'results-table';
    parent.appendChild(thead);
    sortedRows.forEach(function(elem) {
        parent.appendChild(elem);
    });
    document.getElementsByTagName('BODY')[0].appendChild(parent);
}

function sort(items, keyFunc, reversed) {
    const sortArray = items.map(function(item, i) {
        return [keyFunc(item), i];
    });

    sortArray.sort(function(a, b) {
        const keyA = a[0];
        const keyB = b[0];

        if (keyA == keyB) return 0;

        if (reversed) {
            return keyA < keyB ? 1 : -1;
        } else {
            return keyA > keyB ? 1 : -1;
        }
    });

    return sortArray.map(function(item) {
        const index = item[1];
        return items[index];
    });
}

function keyAlpha(colIndex) {
    return function(elem) {
        return elem.childNodes[1].childNodes[colIndex].firstChild.data.toLowerCase();
    };
}

function keyLink(colIndex) {
    return function(elem) {
        const dataCell = elem.childNodes[1].childNodes[colIndex].firstChild;
        return dataCell == null ? '' : dataCell.innerText.toLowerCase();
    };
}

function keyResult(colIndex) {
    return function(elem) {
        const strings = ['Error', 'Failed', 'Rerun', 'XFailed', 'XPassed',
            'Skipped', 'Passed'];
        return strings.indexOf(elem.childNodes[1].childNodes[colIndex].firstChild.data);
    };
}

function resetSortHeaders() {
    findAll('.sort-icon').forEach(function(elem) {
        elem.parentNode.removeChild(elem);
    });
    findAll('.sortable').forEach(function(elem) {
        const icon = document.createElement('div');
        icon.className = 'sort-icon';
        icon.textContent = 'vvv';
        elem.insertBefore(icon, elem.firstChild);
        elem.classList.remove('desc', 'active');
        elem.classList.add('asc', 'inactive');
    });
}

function toggleSortStates(elem) {
    //if active, toggle between asc and desc
    if (elem.classList.contains('active')) {
        elem.classList.toggle('asc');
        elem.classList.toggle('desc');
    }

    //if inactive, reset all other functions and add ascending active
    if (elem.classList.contains('inactive')) {
        resetSortHeaders();
        elem.classList.remove('inactive');
        elem.classList.add('active');
    }
}

function isAllRowsHidden(value) {
    return value.hidden == false;
}

function filterTable(elem) { // eslint-disable-line no-unused-vars
    const outcomeAtt = 'data-test-result';
    const outcome = elem.getAttribute(outcomeAtt);
    const classOutcome = outcome + ' results-table-row';
    const outcomeRows = document.getElementsByClassName(classOutcome);

    for(let i = 0; i < outcomeRows.length; i++){
        outcomeRows[i].hidden = !elem.checked;
    }

    const rows = findAll('.results-table-row').filter(isAllRowsHidden);
    const allRowsHidden = rows.length == 0 ? true : false;
    const notFoundMessage = document.getElementById('not-found-message');
    notFoundMessage.hidden = !allRowsHidden;
}
</script>
    <h1>report.html</h1>
    <p>Report generated on 09-Sep-2023 at 16:48:09 by <a href="https://pypi.python.org/pypi/pytest-html">pytest-html</a> v3.1.1</p>
    <h2>Environment</h2>
    <table id="environment">
      <tr>
        <td>JAVA_HOME</td>
        <td>C:\Program Files\Java\jdk-11</td></tr>
      <tr>
        <td>Packages</td>
        <td>{"pluggy": "1.0.0", "py": "1.10.0", "pytest": "6.2.5"}</td></tr>
      <tr>
        <td>Platform</td>
        <td>Windows-8.1-6.3.9600-SP0</td></tr>
      <tr>
        <td>Plugins</td>
        <td>{"allure-pytest": "2.9.43", "html": "3.1.1", "metadata": "1.11.0"}</td></tr>
      <tr>
        <td>Python</td>
        <td>3.9.7</td></tr></table>
    <h2>Summary</h2>
    <p>3 tests ran in 27.70 seconds. </p>
    <p class="filter" hidden="true">(Un)check the boxes to filter the results.</p><input checked="true" class="filter" data-test-result="passed" hidden="true" name="filter_checkbox" onChange="filterTable(this)" type="checkbox"/><span class="passed">3 passed</span>, <input checked="true" class="filter" data-test-result="skipped" disabled="true" hidden="true" name="filter_checkbox" onChange="filterTable(this)" type="checkbox"/><span class="skipped">0 skipped</span>, <input checked="true" class="filter" data-test-result="failed" disabled="true" hidden="true" name="filter_checkbox" onChange="filterTable(this)" type="checkbox"/><span class="failed">0 failed</span>, <input checked="true" class="filter" data-test-result="error" disabled="true" hidden="true" name="filter_checkbox" onChange="filterTable(this)" type="checkbox"/><span class="error">0 errors</span>, <input checked="true" class="filter" data-test-result="xfailed" disabled="true" hidden="true" name="filter_checkbox" onChange="filterTable(this)" type="checkbox"/><span class="xfailed">0 expected failures</span>, <input checked="true" class="filter" data-test-result="xpassed" disabled="true" hidden="true" name="filter_checkbox" onChange="filterTable(this)" type="checkbox"/><span class="xpassed">0 unexpected passes</span>
    <h2>Results</h2>
    <table id="results-table">
      <thead id="results-table-head">
        <tr>
          <th class="sortable result initial-sort" col="result">Result</th>
          <th class="sortable" col="name">Test</th>
          <th class="sortable" col="duration">Duration</th>
          <th class="sortable links" col="links">Links</th></tr>
        <tr hidden="true" id="not-found-message">
          <th colspan="4">No results found. Try to check the filters</th></tr></thead>
      <tbody class="passed results-table-row">
        <tr>
          <td class="col-result">Passed</td>
          <td class="col-name">test_HomePage.py::TestHomePage::test_formSubmission[getData0]</td>
          <td class="col-duration">9.87</td>
          <td class="col-links"></td></tr>
        <tr>
          <td class="extra" colspan="4">
            <div class="log"> -------------------------------Captured log call-------------------------------- <br/>INFO     test_formSubmission:test_HomePage.py:17 first Name isRahul
INFO     test_formSubmission:test_HomePage.py:21 gender isMale
INFO     test_formSubmission:test_HomePage.py:26 success messageis recived×
Success! The Form has been submitted successfully!.<br/></div></td></tr></tbody>
      <tbody class="passed results-table-row">
        <tr>
          <td class="col-result">Passed</td>
          <td class="col-name">test_HomePage.py::TestHomePage::test_formSubmission[getData1]</td>
          <td class="col-duration">0.96</td>
          <td class="col-links"></td></tr>
        <tr>
          <td class="extra" colspan="4">
            <div class="log"> -------------------------------Captured log call-------------------------------- <br/>INFO     test_formSubmission:test_HomePage.py:17 first Name isansuhaka
INFO     test_formSubmission:test_HomePage.py:21 gender isFemale
INFO     test_formSubmission:test_HomePage.py:26 success messageis recived×
Success! The Form has been submitted successfully!.<br/></div></td></tr></tbody>
      <tbody class="passed results-table-row">
        <tr>
          <td class="col-result">Passed</td>
          <td class="col-name">test_e2e.py::TestOne::test_e2e</td>
          <td class="col-duration">16.16</td>
          <td class="col-links"></td></tr>
        <tr>
          <td class="extra" colspan="4">
            <div class="log"> ------------------------------Captured stderr call------------------------------ <br/>--- Logging error ---
Traceback (most recent call last):
  File &quot;C:\Users\Santosh Allanki\AppData\Local\Programs\Python\Python39\lib\logging\__init__.py&quot;, line 1086, in emit
    stream.write(msg + self.terminator)
  File &quot;C:\Users\Santosh Allanki\AppData\Local\Programs\Python\Python39\lib\encodings\cp1252.py&quot;, line 19, in encode
    return codecs.charmap_encode(input,self.errors,encoding_table)[0]
UnicodeEncodeError: &#x27;charmap&#x27; codec can&#x27;t encode character &#x27;\u2605&#x27; in position 176: character maps to &lt;undefined&gt;
Call stack:
  File &quot;C:\Users\Santosh Allanki\AppData\Local\Programs\Python\Python39\lib\runpy.py&quot;, line 197, in _run_module_as_main
    return _run_code(code, main_globals, None,
  File &quot;C:\Users\Santosh Allanki\AppData\Local\Programs\Python\Python39\lib\runpy.py&quot;, line 87, in _run_code
    exec(code, run_globals)
  File &quot;C:\Users\Santosh Allanki\AppData\Local\Programs\Python\Python39\Scripts\py.test.exe\__main__.py&quot;, line 7, in &lt;module&gt;
    sys.exit(console_main())
  File &quot;C:\Users\Santosh Allanki\AppData\Local\Programs\Python\Python39\lib\site-packages\_pytest\config\__init__.py&quot;, line 185, in console_main
    code = main()
  File &quot;C:\Users\Santosh Allanki\AppData\Local\Programs\Python\Python39\lib\site-packages\_pytest\config\__init__.py&quot;, line 162, in main
    ret: Union[ExitCode, int] = config.hook.pytest_cmdline_main(
  File &quot;C:\Users\Santosh Allanki\AppData\Local\Programs\Python\Python39\lib\site-packages\pluggy\_hooks.py&quot;, line 265, in __call__
    return self._hookexec(self.name, self.get_hookimpls(), kwargs, firstresult)
  File &quot;C:\Users\Santosh Allanki\AppData\Local\Programs\Python\Python39\lib\site-packages\pluggy\_manager.py&quot;, line 80, in _hookexec
    return self._inner_hookexec(hook_name, methods, kwargs, firstresult)
  File &quot;C:\Users\Santosh Allanki\AppData\Local\Programs\Python\Python39\lib\site-packages\pluggy\_callers.py&quot;, line 39, in _multicall
    res = hook_impl.function(*args)
  File &quot;C:\Users\Santosh Allanki\AppData\Local\Programs\Python\Python39\lib\site-packages\_pytest\main.py&quot;, line 316, in pytest_cmdline_main
    return wrap_session(config, _main)
  File &quot;C:\Users\Santosh Allanki\AppData\Local\Programs\Python\Python39\lib\site-packages\_pytest\main.py&quot;, line 269, in wrap_session
    session.exitstatus = doit(config, session) or 0
  File &quot;C:\Users\Santosh Allanki\AppData\Local\Programs\Python\Python39\lib\site-packages\_pytest\main.py&quot;, line 323, in _main
    config.hook.pytest_runtestloop(session=session)
  File &quot;C:\Users\Santosh Allanki\AppData\Local\Programs\Python\Python39\lib\site-packages\pluggy\_hooks.py&quot;, line 265, in __call__
    return self._hookexec(self.name, self.get_hookimpls(), kwargs, firstresult)
  File &quot;C:\Users\Santosh Allanki\AppData\Local\Programs\Python\Python39\lib\site-packages\pluggy\_manager.py&quot;, line 80, in _hookexec
    return self._inner_hookexec(hook_name, methods, kwargs, firstresult)
  File &quot;C:\Users\Santosh Allanki\AppData\Local\Programs\Python\Python39\lib\site-packages\pluggy\_callers.py&quot;, line 39, in _multicall
    res = hook_impl.function(*args)
  File &quot;C:\Users\Santosh Allanki\AppData\Local\Programs\Python\Python39\lib\site-packages\_pytest\main.py&quot;, line 348, in pytest_runtestloop
    item.config.hook.pytest_runtest_protocol(item=item, nextitem=nextitem)
  File &quot;C:\Users\Santosh Allanki\AppData\Local\Programs\Python\Python39\lib\site-packages\pluggy\_hooks.py&quot;, line 265, in __call__
    return self._hookexec(self.name, self.get_hookimpls(), kwargs, firstresult)
  File &quot;C:\Users\Santosh Allanki\AppData\Local\Programs\Python\Python39\lib\site-packages\pluggy\_manager.py&quot;, line 80, in _hookexec
    return self._inner_hookexec(hook_name, methods, kwargs, firstresult)
  File &quot;C:\Users\Santosh Allanki\AppData\Local\Programs\Python\Python39\lib\site-packages\pluggy\_callers.py&quot;, line 39, in _multicall
    res = hook_impl.function(*args)
  File &quot;C:\Users\Santosh Allanki\AppData\Local\Programs\Python\Python39\lib\site-packages\_pytest\runner.py&quot;, line 109, in pytest_runtest_protocol
    runtestprotocol(item, nextitem=nextitem)
  File &quot;C:\Users\Santosh Allanki\AppData\Local\Programs\Python\Python39\lib\site-packages\_pytest\runner.py&quot;, line 126, in runtestprotocol
    reports.append(call_and_report(item, &quot;call&quot;, log))
  File &quot;C:\Users\Santosh Allanki\AppData\Local\Programs\Python\Python39\lib\site-packages\_pytest\runner.py&quot;, line 215, in call_and_report
    call = call_runtest_hook(item, when, **kwds)
  File &quot;C:\Users\Santosh Allanki\AppData\Local\Programs\Python\Python39\lib\site-packages\_pytest\runner.py&quot;, line 254, in call_runtest_hook
    return CallInfo.from_call(
  File &quot;C:\Users\Santosh Allanki\AppData\Local\Programs\Python\Python39\lib\site-packages\_pytest\runner.py&quot;, line 311, in from_call
    result: Optional[TResult] = func()
  File &quot;C:\Users\Santosh Allanki\AppData\Local\Programs\Python\Python39\lib\site-packages\_pytest\runner.py&quot;, line 255, in &lt;lambda&gt;
    lambda: ihook(item=item, **kwds), when=when, reraise=reraise
  File &quot;C:\Users\Santosh Allanki\AppData\Local\Programs\Python\Python39\lib\site-packages\pluggy\_hooks.py&quot;, line 265, in __call__
    return self._hookexec(self.name, self.get_hookimpls(), kwargs, firstresult)
  File &quot;C:\Users\Santosh Allanki\AppData\Local\Programs\Python\Python39\lib\site-packages\pluggy\_manager.py&quot;, line 80, in _hookexec
    return self._inner_hookexec(hook_name, methods, kwargs, firstresult)
  File &quot;C:\Users\Santosh Allanki\AppData\Local\Programs\Python\Python39\lib\site-packages\pluggy\_callers.py&quot;, line 39, in _multicall
    res = hook_impl.function(*args)
  File &quot;C:\Users\Santosh Allanki\AppData\Local\Programs\Python\Python39\lib\site-packages\_pytest\runner.py&quot;, line 162, in pytest_runtest_call
    item.runtest()
  File &quot;C:\Users\Santosh Allanki\AppData\Local\Programs\Python\Python39\lib\site-packages\_pytest\python.py&quot;, line 1641, in runtest
    self.ihook.pytest_pyfunc_call(pyfuncitem=self)
  File &quot;C:\Users\Santosh Allanki\AppData\Local\Programs\Python\Python39\lib\site-packages\pluggy\_hooks.py&quot;, line 265, in __call__
    return self._hookexec(self.name, self.get_hookimpls(), kwargs, firstresult)
  File &quot;C:\Users\Santosh Allanki\AppData\Local\Programs\Python\Python39\lib\site-packages\pluggy\_manager.py&quot;, line 80, in _hookexec
    return self._inner_hookexec(hook_name, methods, kwargs, firstresult)
  File &quot;C:\Users\Santosh Allanki\AppData\Local\Programs\Python\Python39\lib\site-packages\pluggy\_callers.py&quot;, line 39, in _multicall
    res = hook_impl.function(*args)
  File &quot;C:\Users\Santosh Allanki\AppData\Local\Programs\Python\Python39\lib\site-packages\_pytest\python.py&quot;, line 183, in pytest_pyfunc_call
    result = testfunction(**testargs)
  File &quot;C:\Users\Santosh Allanki\PycharmProjects\SelPythonFramework\tests\test_e2e.py&quot;, line 36, in test_e2e
    log.info(cardText)
Message: &#x27;iphone X\n$24.99\nLorem ipsum dolor sit amet, consectetur adipisicing elit. Amet numquam aspernatur! Lorem ipsum dolor sit amet.\nAdd ★ ★ ★ ★ ☆&#x27;
Arguments: ()
--- Logging error ---
Traceback (most recent call last):
  File &quot;C:\Users\Santosh Allanki\AppData\Local\Programs\Python\Python39\lib\logging\__init__.py&quot;, line 1086, in emit
    stream.write(msg + self.terminator)
  File &quot;C:\Users\Santosh Allanki\AppData\Local\Programs\Python\Python39\lib\encodings\cp1252.py&quot;, line 19, in encode
    return codecs.charmap_encode(input,self.errors,encoding_table)[0]
UnicodeEncodeError: &#x27;charmap&#x27; codec can&#x27;t encode character &#x27;\u2605&#x27; in position 182: character maps to &lt;undefined&gt;
Call stack:
  File &quot;C:\Users\Santosh Allanki\AppData\Local\Programs\Python\Python39\lib\runpy.py&quot;, line 197, in _run_module_as_main
    return _run_code(code, main_globals, None,
  File &quot;C:\Users\Santosh Allanki\AppData\Local\Programs\Python\Python39\lib\runpy.py&quot;, line 87, in _run_code
    exec(code, run_globals)
  File &quot;C:\Users\Santosh Allanki\AppData\Local\Programs\Python\Python39\Scripts\py.test.exe\__main__.py&quot;, line 7, in &lt;module&gt;
    sys.exit(console_main())
  File &quot;C:\Users\Santosh Allanki\AppData\Local\Programs\Python\Python39\lib\site-packages\_pytest\config\__init__.py&quot;, line 185, in console_main
    code = main()
  File &quot;C:\Users\Santosh Allanki\AppData\Local\Programs\Python\Python39\lib\site-packages\_pytest\config\__init__.py&quot;, line 162, in main
    ret: Union[ExitCode, int] = config.hook.pytest_cmdline_main(
  File &quot;C:\Users\Santosh Allanki\AppData\Local\Programs\Python\Python39\lib\site-packages\pluggy\_hooks.py&quot;, line 265, in __call__
    return self._hookexec(self.name, self.get_hookimpls(), kwargs, firstresult)
  File &quot;C:\Users\Santosh Allanki\AppData\Local\Programs\Python\Python39\lib\site-packages\pluggy\_manager.py&quot;, line 80, in _hookexec
    return self._inner_hookexec(hook_name, methods, kwargs, firstresult)
  File &quot;C:\Users\Santosh Allanki\AppData\Local\Programs\Python\Python39\lib\site-packages\pluggy\_callers.py&quot;, line 39, in _multicall
    res = hook_impl.function(*args)
  File &quot;C:\Users\Santosh Allanki\AppData\Local\Programs\Python\Python39\lib\site-packages\_pytest\main.py&quot;, line 316, in pytest_cmdline_main
    return wrap_session(config, _main)
  File &quot;C:\Users\Santosh Allanki\AppData\Local\Programs\Python\Python39\lib\site-packages\_pytest\main.py&quot;, line 269, in wrap_session
    session.exitstatus = doit(config, session) or 0
  File &quot;C:\Users\Santosh Allanki\AppData\Local\Programs\Python\Python39\lib\site-packages\_pytest\main.py&quot;, line 323, in _main
    config.hook.pytest_runtestloop(session=session)
  File &quot;C:\Users\Santosh Allanki\AppData\Local\Programs\Python\Python39\lib\site-packages\pluggy\_hooks.py&quot;, line 265, in __call__
    return self._hookexec(self.name, self.get_hookimpls(), kwargs, firstresult)
  File &quot;C:\Users\Santosh Allanki\AppData\Local\Programs\Python\Python39\lib\site-packages\pluggy\_manager.py&quot;, line 80, in _hookexec
    return self._inner_hookexec(hook_name, methods, kwargs, firstresult)
  File &quot;C:\Users\Santosh Allanki\AppData\Local\Programs\Python\Python39\lib\site-packages\pluggy\_callers.py&quot;, line 39, in _multicall
    res = hook_impl.function(*args)
  File &quot;C:\Users\Santosh Allanki\AppData\Local\Programs\Python\Python39\lib\site-packages\_pytest\main.py&quot;, line 348, in pytest_runtestloop
    item.config.hook.pytest_runtest_protocol(item=item, nextitem=nextitem)
  File &quot;C:\Users\Santosh Allanki\AppData\Local\Programs\Python\Python39\lib\site-packages\pluggy\_hooks.py&quot;, line 265, in __call__
    return self._hookexec(self.name, self.get_hookimpls(), kwargs, firstresult)
  File &quot;C:\Users\Santosh Allanki\AppData\Local\Programs\Python\Python39\lib\site-packages\pluggy\_manager.py&quot;, line 80, in _hookexec
    return self._inner_hookexec(hook_name, methods, kwargs, firstresult)
  File &quot;C:\Users\Santosh Allanki\AppData\Local\Programs\Python\Python39\lib\site-packages\pluggy\_callers.py&quot;, line 39, in _multicall
    res = hook_impl.function(*args)
  File &quot;C:\Users\Santosh Allanki\AppData\Local\Programs\Python\Python39\lib\site-packages\_pytest\runner.py&quot;, line 109, in pytest_runtest_protocol
    runtestprotocol(item, nextitem=nextitem)
  File &quot;C:\Users\Santosh Allanki\AppData\Local\Programs\Python\Python39\lib\site-packages\_pytest\runner.py&quot;, line 126, in runtestprotocol
    reports.append(call_and_report(item, &quot;call&quot;, log))
  File &quot;C:\Users\Santosh Allanki\AppData\Local\Programs\Python\Python39\lib\site-packages\_pytest\runner.py&quot;, line 215, in call_and_report
    call = call_runtest_hook(item, when, **kwds)
  File &quot;C:\Users\Santosh Allanki\AppData\Local\Programs\Python\Python39\lib\site-packages\_pytest\runner.py&quot;, line 254, in call_runtest_hook
    return CallInfo.from_call(
  File &quot;C:\Users\Santosh Allanki\AppData\Local\Programs\Python\Python39\lib\site-packages\_pytest\runner.py&quot;, line 311, in from_call
    result: Optional[TResult] = func()
  File &quot;C:\Users\Santosh Allanki\AppData\Local\Programs\Python\Python39\lib\site-packages\_pytest\runner.py&quot;, line 255, in &lt;lambda&gt;
    lambda: ihook(item=item, **kwds), when=when, reraise=reraise
  File &quot;C:\Users\Santosh Allanki\AppData\Local\Programs\Python\Python39\lib\site-packages\pluggy\_hooks.py&quot;, line 265, in __call__
    return self._hookexec(self.name, self.get_hookimpls(), kwargs, firstresult)
  File &quot;C:\Users\Santosh Allanki\AppData\Local\Programs\Python\Python39\lib\site-packages\pluggy\_manager.py&quot;, line 80, in _hookexec
    return self._inner_hookexec(hook_name, methods, kwargs, firstresult)
  File &quot;C:\Users\Santosh Allanki\AppData\Local\Programs\Python\Python39\lib\site-packages\pluggy\_callers.py&quot;, line 39, in _multicall
    res = hook_impl.function(*args)
  File &quot;C:\Users\Santosh Allanki\AppData\Local\Programs\Python\Python39\lib\site-packages\_pytest\runner.py&quot;, line 162, in pytest_runtest_call
    item.runtest()
  File &quot;C:\Users\Santosh Allanki\AppData\Local\Programs\Python\Python39\lib\site-packages\_pytest\python.py&quot;, line 1641, in runtest
    self.ihook.pytest_pyfunc_call(pyfuncitem=self)
  File &quot;C:\Users\Santosh Allanki\AppData\Local\Programs\Python\Python39\lib\site-packages\pluggy\_hooks.py&quot;, line 265, in __call__
    return self._hookexec(self.name, self.get_hookimpls(), kwargs, firstresult)
  File &quot;C:\Users\Santosh Allanki\AppData\Local\Programs\Python\Python39\lib\site-packages\pluggy\_manager.py&quot;, line 80, in _hookexec
    return self._inner_hookexec(hook_name, methods, kwargs, firstresult)
  File &quot;C:\Users\Santosh Allanki\AppData\Local\Programs\Python\Python39\lib\site-packages\pluggy\_callers.py&quot;, line 39, in _multicall
    res = hook_impl.function(*args)
  File &quot;C:\Users\Santosh Allanki\AppData\Local\Programs\Python\Python39\lib\site-packages\_pytest\python.py&quot;, line 183, in pytest_pyfunc_call
    result = testfunction(**testargs)
  File &quot;C:\Users\Santosh Allanki\PycharmProjects\SelPythonFramework\tests\test_e2e.py&quot;, line 36, in test_e2e
    log.info(cardText)
Message: &#x27;Samsung Note 8\n$24.99\nLorem ipsum dolor sit amet, consectetur adipisicing elit. Amet numquam aspernatur! Lorem ipsum dolor sit amet.\nAdd ★ ★ ★ ★ ☆&#x27;
Arguments: ()
--- Logging error ---
Traceback (most recent call last):
  File &quot;C:\Users\Santosh Allanki\AppData\Local\Programs\Python\Python39\lib\logging\__init__.py&quot;, line 1086, in emit
    stream.write(msg + self.terminator)
  File &quot;C:\Users\Santosh Allanki\AppData\Local\Programs\Python\Python39\lib\encodings\cp1252.py&quot;, line 19, in encode
    return codecs.charmap_encode(input,self.errors,encoding_table)[0]
UnicodeEncodeError: &#x27;charmap&#x27; codec can&#x27;t encode character &#x27;\u2605&#x27; in position 178: character maps to &lt;undefined&gt;
Call stack:
  File &quot;C:\Users\Santosh Allanki\AppData\Local\Programs\Python\Python39\lib\runpy.py&quot;, line 197, in _run_module_as_main
    return _run_code(code, main_globals, None,
  File &quot;C:\Users\Santosh Allanki\AppData\Local\Programs\Python\Python39\lib\runpy.py&quot;, line 87, in _run_code
    exec(code, run_globals)
  File &quot;C:\Users\Santosh Allanki\AppData\Local\Programs\Python\Python39\Scripts\py.test.exe\__main__.py&quot;, line 7, in &lt;module&gt;
    sys.exit(console_main())
  File &quot;C:\Users\Santosh Allanki\AppData\Local\Programs\Python\Python39\lib\site-packages\_pytest\config\__init__.py&quot;, line 185, in console_main
    code = main()
  File &quot;C:\Users\Santosh Allanki\AppData\Local\Programs\Python\Python39\lib\site-packages\_pytest\config\__init__.py&quot;, line 162, in main
    ret: Union[ExitCode, int] = config.hook.pytest_cmdline_main(
  File &quot;C:\Users\Santosh Allanki\AppData\Local\Programs\Python\Python39\lib\site-packages\pluggy\_hooks.py&quot;, line 265, in __call__
    return self._hookexec(self.name, self.get_hookimpls(), kwargs, firstresult)
  File &quot;C:\Users\Santosh Allanki\AppData\Local\Programs\Python\Python39\lib\site-packages\pluggy\_manager.py&quot;, line 80, in _hookexec
    return self._inner_hookexec(hook_name, methods, kwargs, firstresult)
  File &quot;C:\Users\Santosh Allanki\AppData\Local\Programs\Python\Python39\lib\site-packages\pluggy\_callers.py&quot;, line 39, in _multicall
    res = hook_impl.function(*args)
  File &quot;C:\Users\Santosh Allanki\AppData\Local\Programs\Python\Python39\lib\site-packages\_pytest\main.py&quot;, line 316, in pytest_cmdline_main
    return wrap_session(config, _main)
  File &quot;C:\Users\Santosh Allanki\AppData\Local\Programs\Python\Python39\lib\site-packages\_pytest\main.py&quot;, line 269, in wrap_session
    session.exitstatus = doit(config, session) or 0
  File &quot;C:\Users\Santosh Allanki\AppData\Local\Programs\Python\Python39\lib\site-packages\_pytest\main.py&quot;, line 323, in _main
    config.hook.pytest_runtestloop(session=session)
  File &quot;C:\Users\Santosh Allanki\AppData\Local\Programs\Python\Python39\lib\site-packages\pluggy\_hooks.py&quot;, line 265, in __call__
    return self._hookexec(self.name, self.get_hookimpls(), kwargs, firstresult)
  File &quot;C:\Users\Santosh Allanki\AppData\Local\Programs\Python\Python39\lib\site-packages\pluggy\_manager.py&quot;, line 80, in _hookexec
    return self._inner_hookexec(hook_name, methods, kwargs, firstresult)
  File &quot;C:\Users\Santosh Allanki\AppData\Local\Programs\Python\Python39\lib\site-packages\pluggy\_callers.py&quot;, line 39, in _multicall
    res = hook_impl.function(*args)
  File &quot;C:\Users\Santosh Allanki\AppData\Local\Programs\Python\Python39\lib\site-packages\_pytest\main.py&quot;, line 348, in pytest_runtestloop
    item.config.hook.pytest_runtest_protocol(item=item, nextitem=nextitem)
  File &quot;C:\Users\Santosh Allanki\AppData\Local\Programs\Python\Python39\lib\site-packages\pluggy\_hooks.py&quot;, line 265, in __call__
    return self._hookexec(self.name, self.get_hookimpls(), kwargs, firstresult)
  File &quot;C:\Users\Santosh Allanki\AppData\Local\Programs\Python\Python39\lib\site-packages\pluggy\_manager.py&quot;, line 80, in _hookexec
    return self._inner_hookexec(hook_name, methods, kwargs, firstresult)
  File &quot;C:\Users\Santosh Allanki\AppData\Local\Programs\Python\Python39\lib\site-packages\pluggy\_callers.py&quot;, line 39, in _multicall
    res = hook_impl.function(*args)
  File &quot;C:\Users\Santosh Allanki\AppData\Local\Programs\Python\Python39\lib\site-packages\_pytest\runner.py&quot;, line 109, in pytest_runtest_protocol
    runtestprotocol(item, nextitem=nextitem)
  File &quot;C:\Users\Santosh Allanki\AppData\Local\Programs\Python\Python39\lib\site-packages\_pytest\runner.py&quot;, line 126, in runtestprotocol
    reports.append(call_and_report(item, &quot;call&quot;, log))
  File &quot;C:\Users\Santosh Allanki\AppData\Local\Programs\Python\Python39\lib\site-packages\_pytest\runner.py&quot;, line 215, in call_and_report
    call = call_runtest_hook(item, when, **kwds)
  File &quot;C:\Users\Santosh Allanki\AppData\Local\Programs\Python\Python39\lib\site-packages\_pytest\runner.py&quot;, line 254, in call_runtest_hook
    return CallInfo.from_call(
  File &quot;C:\Users\Santosh Allanki\AppData\Local\Programs\Python\Python39\lib\site-packages\_pytest\runner.py&quot;, line 311, in from_call
    result: Optional[TResult] = func()
  File &quot;C:\Users\Santosh Allanki\AppData\Local\Programs\Python\Python39\lib\site-packages\_pytest\runner.py&quot;, line 255, in &lt;lambda&gt;
    lambda: ihook(item=item, **kwds), when=when, reraise=reraise
  File &quot;C:\Users\Santosh Allanki\AppData\Local\Programs\Python\Python39\lib\site-packages\pluggy\_hooks.py&quot;, line 265, in __call__
    return self._hookexec(self.name, self.get_hookimpls(), kwargs, firstresult)
  File &quot;C:\Users\Santosh Allanki\AppData\Local\Programs\Python\Python39\lib\site-packages\pluggy\_manager.py&quot;, line 80, in _hookexec
    return self._inner_hookexec(hook_name, methods, kwargs, firstresult)
  File &quot;C:\Users\Santosh Allanki\AppData\Local\Programs\Python\Python39\lib\site-packages\pluggy\_callers.py&quot;, line 39, in _multicall
    res = hook_impl.function(*args)
  File &quot;C:\Users\Santosh Allanki\AppData\Local\Programs\Python\Python39\lib\site-packages\_pytest\runner.py&quot;, line 162, in pytest_runtest_call
    item.runtest()
  File &quot;C:\Users\Santosh Allanki\AppData\Local\Programs\Python\Python39\lib\site-packages\_pytest\python.py&quot;, line 1641, in runtest
    self.ihook.pytest_pyfunc_call(pyfuncitem=self)
  File &quot;C:\Users\Santosh Allanki\AppData\Local\Programs\Python\Python39\lib\site-packages\pluggy\_hooks.py&quot;, line 265, in __call__
    return self._hookexec(self.name, self.get_hookimpls(), kwargs, firstresult)
  File &quot;C:\Users\Santosh Allanki\AppData\Local\Programs\Python\Python39\lib\site-packages\pluggy\_manager.py&quot;, line 80, in _hookexec
    return self._inner_hookexec(hook_name, methods, kwargs, firstresult)
  File &quot;C:\Users\Santosh Allanki\AppData\Local\Programs\Python\Python39\lib\site-packages\pluggy\_callers.py&quot;, line 39, in _multicall
    res = hook_impl.function(*args)
  File &quot;C:\Users\Santosh Allanki\AppData\Local\Programs\Python\Python39\lib\site-packages\_pytest\python.py&quot;, line 183, in pytest_pyfunc_call
    result = testfunction(**testargs)
  File &quot;C:\Users\Santosh Allanki\PycharmProjects\SelPythonFramework\tests\test_e2e.py&quot;, line 36, in test_e2e
    log.info(cardText)
Message: &#x27;Nokia Edge\n$24.99\nLorem ipsum dolor sit amet, consectetur adipisicing elit. Amet numquam aspernatur! Lorem ipsum dolor sit amet.\nAdd ★ ★ ★ ★ ☆&#x27;
Arguments: ()
--- Logging error ---
Traceback (most recent call last):
  File &quot;C:\Users\Santosh Allanki\AppData\Local\Programs\Python\Python39\lib\logging\__init__.py&quot;, line 1086, in emit
    stream.write(msg + self.terminator)
  File &quot;C:\Users\Santosh Allanki\AppData\Local\Programs\Python\Python39\lib\encodings\cp1252.py&quot;, line 19, in encode
    return codecs.charmap_encode(input,self.errors,encoding_table)[0]
UnicodeEncodeError: &#x27;charmap&#x27; codec can&#x27;t encode character &#x27;\u2605&#x27; in position 178: character maps to &lt;undefined&gt;
Call stack:
  File &quot;C:\Users\Santosh Allanki\AppData\Local\Programs\Python\Python39\lib\runpy.py&quot;, line 197, in _run_module_as_main
    return _run_code(code, main_globals, None,
  File &quot;C:\Users\Santosh Allanki\AppData\Local\Programs\Python\Python39\lib\runpy.py&quot;, line 87, in _run_code
    exec(code, run_globals)
  File &quot;C:\Users\Santosh Allanki\AppData\Local\Programs\Python\Python39\Scripts\py.test.exe\__main__.py&quot;, line 7, in &lt;module&gt;
    sys.exit(console_main())
  File &quot;C:\Users\Santosh Allanki\AppData\Local\Programs\Python\Python39\lib\site-packages\_pytest\config\__init__.py&quot;, line 185, in console_main
    code = main()
  File &quot;C:\Users\Santosh Allanki\AppData\Local\Programs\Python\Python39\lib\site-packages\_pytest\config\__init__.py&quot;, line 162, in main
    ret: Union[ExitCode, int] = config.hook.pytest_cmdline_main(
  File &quot;C:\Users\Santosh Allanki\AppData\Local\Programs\Python\Python39\lib\site-packages\pluggy\_hooks.py&quot;, line 265, in __call__
    return self._hookexec(self.name, self.get_hookimpls(), kwargs, firstresult)
  File &quot;C:\Users\Santosh Allanki\AppData\Local\Programs\Python\Python39\lib\site-packages\pluggy\_manager.py&quot;, line 80, in _hookexec
    return self._inner_hookexec(hook_name, methods, kwargs, firstresult)
  File &quot;C:\Users\Santosh Allanki\AppData\Local\Programs\Python\Python39\lib\site-packages\pluggy\_callers.py&quot;, line 39, in _multicall
    res = hook_impl.function(*args)
  File &quot;C:\Users\Santosh Allanki\AppData\Local\Programs\Python\Python39\lib\site-packages\_pytest\main.py&quot;, line 316, in pytest_cmdline_main
    return wrap_session(config, _main)
  File &quot;C:\Users\Santosh Allanki\AppData\Local\Programs\Python\Python39\lib\site-packages\_pytest\main.py&quot;, line 269, in wrap_session
    session.exitstatus = doit(config, session) or 0
  File &quot;C:\Users\Santosh Allanki\AppData\Local\Programs\Python\Python39\lib\site-packages\_pytest\main.py&quot;, line 323, in _main
    config.hook.pytest_runtestloop(session=session)
  File &quot;C:\Users\Santosh Allanki\AppData\Local\Programs\Python\Python39\lib\site-packages\pluggy\_hooks.py&quot;, line 265, in __call__
    return self._hookexec(self.name, self.get_hookimpls(), kwargs, firstresult)
  File &quot;C:\Users\Santosh Allanki\AppData\Local\Programs\Python\Python39\lib\site-packages\pluggy\_manager.py&quot;, line 80, in _hookexec
    return self._inner_hookexec(hook_name, methods, kwargs, firstresult)
  File &quot;C:\Users\Santosh Allanki\AppData\Local\Programs\Python\Python39\lib\site-packages\pluggy\_callers.py&quot;, line 39, in _multicall
    res = hook_impl.function(*args)
  File &quot;C:\Users\Santosh Allanki\AppData\Local\Programs\Python\Python39\lib\site-packages\_pytest\main.py&quot;, line 348, in pytest_runtestloop
    item.config.hook.pytest_runtest_protocol(item=item, nextitem=nextitem)
  File &quot;C:\Users\Santosh Allanki\AppData\Local\Programs\Python\Python39\lib\site-packages\pluggy\_hooks.py&quot;, line 265, in __call__
    return self._hookexec(self.name, self.get_hookimpls(), kwargs, firstresult)
  File &quot;C:\Users\Santosh Allanki\AppData\Local\Programs\Python\Python39\lib\site-packages\pluggy\_manager.py&quot;, line 80, in _hookexec
    return self._inner_hookexec(hook_name, methods, kwargs, firstresult)
  File &quot;C:\Users\Santosh Allanki\AppData\Local\Programs\Python\Python39\lib\site-packages\pluggy\_callers.py&quot;, line 39, in _multicall
    res = hook_impl.function(*args)
  File &quot;C:\Users\Santosh Allanki\AppData\Local\Programs\Python\Python39\lib\site-packages\_pytest\runner.py&quot;, line 109, in pytest_runtest_protocol
    runtestprotocol(item, nextitem=nextitem)
  File &quot;C:\Users\Santosh Allanki\AppData\Local\Programs\Python\Python39\lib\site-packages\_pytest\runner.py&quot;, line 126, in runtestprotocol
    reports.append(call_and_report(item, &quot;call&quot;, log))
  File &quot;C:\Users\Santosh Allanki\AppData\Local\Programs\Python\Python39\lib\site-packages\_pytest\runner.py&quot;, line 215, in call_and_report
    call = call_runtest_hook(item, when, **kwds)
  File &quot;C:\Users\Santosh Allanki\AppData\Local\Programs\Python\Python39\lib\site-packages\_pytest\runner.py&quot;, line 254, in call_runtest_hook
    return CallInfo.from_call(
  File &quot;C:\Users\Santosh Allanki\AppData\Local\Programs\Python\Python39\lib\site-packages\_pytest\runner.py&quot;, line 311, in from_call
    result: Optional[TResult] = func()
  File &quot;C:\Users\Santosh Allanki\AppData\Local\Programs\Python\Python39\lib\site-packages\_pytest\runner.py&quot;, line 255, in &lt;lambda&gt;
    lambda: ihook(item=item, **kwds), when=when, reraise=reraise
  File &quot;C:\Users\Santosh Allanki\AppData\Local\Programs\Python\Python39\lib\site-packages\pluggy\_hooks.py&quot;, line 265, in __call__
    return self._hookexec(self.name, self.get_hookimpls(), kwargs, firstresult)
  File &quot;C:\Users\Santosh Allanki\AppData\Local\Programs\Python\Python39\lib\site-packages\pluggy\_manager.py&quot;, line 80, in _hookexec
    return self._inner_hookexec(hook_name, methods, kwargs, firstresult)
  File &quot;C:\Users\Santosh Allanki\AppData\Local\Programs\Python\Python39\lib\site-packages\pluggy\_callers.py&quot;, line 39, in _multicall
    res = hook_impl.function(*args)
  File &quot;C:\Users\Santosh Allanki\AppData\Local\Programs\Python\Python39\lib\site-packages\_pytest\runner.py&quot;, line 162, in pytest_runtest_call
    item.runtest()
  File &quot;C:\Users\Santosh Allanki\AppData\Local\Programs\Python\Python39\lib\site-packages\_pytest\python.py&quot;, line 1641, in runtest
    self.ihook.pytest_pyfunc_call(pyfuncitem=self)
  File &quot;C:\Users\Santosh Allanki\AppData\Local\Programs\Python\Python39\lib\site-packages\pluggy\_hooks.py&quot;, line 265, in __call__
    return self._hookexec(self.name, self.get_hookimpls(), kwargs, firstresult)
  File &quot;C:\Users\Santosh Allanki\AppData\Local\Programs\Python\Python39\lib\site-packages\pluggy\_manager.py&quot;, line 80, in _hookexec
    return self._inner_hookexec(hook_name, methods, kwargs, firstresult)
  File &quot;C:\Users\Santosh Allanki\AppData\Local\Programs\Python\Python39\lib\site-packages\pluggy\_callers.py&quot;, line 39, in _multicall
    res = hook_impl.function(*args)
  File &quot;C:\Users\Santosh Allanki\AppData\Local\Programs\Python\Python39\lib\site-packages\_pytest\python.py&quot;, line 183, in pytest_pyfunc_call
    result = testfunction(**testargs)
  File &quot;C:\Users\Santosh Allanki\PycharmProjects\SelPythonFramework\tests\test_e2e.py&quot;, line 36, in test_e2e
    log.info(cardText)
Message: &#x27;Blackberry\n$24.99\nLorem ipsum dolor sit amet, consectetur adipisicing elit. Amet numquam aspernatur! Lorem ipsum dolor sit amet.\nAdd ★ ★ ★ ★ ☆&#x27;
Arguments: ()
<br/> -------------------------------Captured log call-------------------------------- <br/>INFO     test_e2e:test_e2e.py:24 getting all the  card titles
INFO     test_e2e:test_e2e.py:36 iphone X
$24.99
Lorem ipsum dolor sit amet, consectetur adipisicing elit. Amet numquam aspernatur! Lorem ipsum dolor sit amet.
Add ★ ★ ★ ★ ☆
INFO     test_e2e:test_e2e.py:36 Samsung Note 8
$24.99
Lorem ipsum dolor sit amet, consectetur adipisicing elit. Amet numquam aspernatur! Lorem ipsum dolor sit amet.
Add ★ ★ ★ ★ ☆
INFO     test_e2e:test_e2e.py:36 Nokia Edge
$24.99
Lorem ipsum dolor sit amet, consectetur adipisicing elit. Amet numquam aspernatur! Lorem ipsum dolor sit amet.
Add ★ ★ ★ ★ ☆
INFO     test_e2e:test_e2e.py:36 Blackberry
$24.99
Lorem ipsum dolor sit amet, consectetur adipisicing elit. Amet numquam aspernatur! Lorem ipsum dolor sit amet.
Add ★ ★ ★ ★ ☆
INFO     test_e2e:test_e2e.py:42 Entering Country Name as ind
INFO     test_e2e:test_e2e.py:49 Test  REcived from application is ×
Success! Thank you! Your order will be delivered in next few weeks :-).<br/></div></td></tr></tbody></table></body></html>